# JRE version: OpenJDK Runtime Environment (8.0_242-b01) (build 1.8.0_242-release-1644-b01)
# Java VM: OpenJDK 64-Bit Server VM (25.242-b01 mixed mode windows-amd64 compressed oops)
Heap:
 PSYoungGen      total 192000K, used 144982K [0x00000000d5580000, 0x00000000e3e80000, 0x0000000100000000)
  eden space 175616K, 82% used [0x00000000d5580000,0x00000000de315800,0x00000000e0100000)
  from space 16384K, 0% used [0x00000000e1580000,0x00000000e1580000,0x00000000e2580000)
  to   space 20992K, 0% used [0x00000000e0100000,0x00000000e0100000,0x00000000e1580000)
 ParOldGen       total 128512K, used 37317K [0x0000000080000000, 0x0000000087d80000, 0x00000000d5580000)
  object space 128512K, 29% used [0x0000000080000000,0x00000000824715c8,0x0000000087d80000)
 Metaspace       used 67345K, capacity 70156K, committed 70272K, reserved 1110016K
  class space    used 9211K, capacity 9809K, committed 9856K, reserved 1048576K
GC Heap History (10 events):
Event: 9.184 GC heap before
{Heap before GC invocations=11 (full 2):
 PSYoungGen      total 117248K, used 8352K [0x00000000d5580000, 0x00000000dfb80000, 0x0000000100000000)
  eden space 105472K, 0% used [0x00000000d5580000,0x00000000d5580000,0x00000000dbc80000)
  from space 11776K, 70% used [0x00000000dbc80000,0x00000000dc4a81d8,0x00000000dc800000)
  to   space 11776K, 0% used [0x00000000df000000,0x00000000df000000,0x00000000dfb80000)
 ParOldGen       total 56320K, used 9267K [0x0000000080000000, 0x0000000083700000, 0x00000000d5580000)
  object space 56320K, 16% used [0x0000000080000000,0x000000008090cd10,0x0000000083700000)
 Metaspace       used 34079K, capacity 35308K, committed 35456K, reserved 1079296K
  class space    used 4587K, capacity 4879K, committed 4992K, reserved 1048576K
Event: 9.280 GC heap after
Heap after GC invocations=11 (full 2):
 PSYoungGen      total 117248K, used 0K [0x00000000d5580000, 0x00000000dfb80000, 0x0000000100000000)
  eden space 105472K, 0% used [0x00000000d5580000,0x00000000d5580000,0x00000000dbc80000)
  from space 11776K, 0% used [0x00000000dbc80000,0x00000000dbc80000,0x00000000dc800000)
  to   space 11776K, 0% used [0x00000000df000000,0x00000000df000000,0x00000000dfb80000)
 ParOldGen       total 84992K, used 15008K [0x0000000080000000, 0x0000000085300000, 0x00000000d5580000)
  object space 84992K, 17% used [0x0000000080000000,0x0000000080ea80b8,0x0000000085300000)
 Metaspace       used 34079K, capacity 35308K, committed 35456K, reserved 1079296K
  class space    used 4587K, capacity 4879K, committed 4992K, reserved 1048576K
}
Event: 13.546 GC heap before
{Heap before GC invocations=12 (full 2):
 PSYoungGen      total 117248K, used 105472K [0x00000000d5580000, 0x00000000dfb80000, 0x0000000100000000)
  eden space 105472K, 100% used [0x00000000d5580000,0x00000000dbc80000,0x00000000dbc80000)
  from space 11776K, 0% used [0x00000000dbc80000,0x00000000dbc80000,0x00000000dc800000)
  to   space 11776K, 0% used [0x00000000df000000,0x00000000df000000,0x00000000dfb80000)
 ParOldGen       total 84992K, used 15008K [0x0000000080000000, 0x0000000085300000, 0x00000000d5580000)
  object space 84992K, 17% used [0x0000000080000000,0x0000000080ea80b8,0x0000000085300000)
 Metaspace       used 38720K, capacity 40524K, committed 40832K, reserved 1085440K
  class space    used 5325K, capacity 5701K, committed 5760K, reserved 1048576K
Event: 13.582 GC heap after
Heap after GC invocations=12 (full 2):
 PSYoungGen      total 141824K, used 9063K [0x00000000d5580000, 0x00000000df900000, 0x0000000100000000)
  eden space 132608K, 0% used [0x00000000d5580000,0x00000000d5580000,0x00000000dd700000)
  from space 9216K, 98% used [0x00000000df000000,0x00000000df8d9e98,0x00000000df900000)
  to   space 12288K, 0% used [0x00000000de100000,0x00000000de100000,0x00000000ded00000)
 ParOldGen       total 84992K, used 15008K [0x0000000080000000, 0x0000000085300000, 0x00000000d5580000)
  object space 84992K, 17% used [0x0000000080000000,0x0000000080ea80b8,0x0000000085300000)
 Metaspace       used 38720K, capacity 40524K, committed 40832K, reserved 1085440K
  class space    used 5325K, capacity 5701K, committed 5760K, reserved 1048576K
}
Event: 18.685 GC heap before
{Heap before GC invocations=13 (full 2):
 PSYoungGen      total 141824K, used 141671K [0x00000000d5580000, 0x00000000df900000, 0x0000000100000000)
  eden space 132608K, 100% used [0x00000000d5580000,0x00000000dd700000,0x00000000dd700000)
  from space 9216K, 98% used [0x00000000df000000,0x00000000df8d9e98,0x00000000df900000)
  to   space 12288K, 0% used [0x00000000de100000,0x00000000de100000,0x00000000ded00000)
 ParOldGen       total 84992K, used 15008K [0x0000000080000000, 0x0000000085300000, 0x00000000d5580000)
  object space 84992K, 17% used [0x0000000080000000,0x0000000080ea80b8,0x0000000085300000)
 Metaspace       used 49310K, capacity 51450K, committed 51712K, reserved 1093632K
  class space    used 6643K, capacity 7081K, committed 7168K, reserved 1048576K
Event: 19.028 GC heap after
Heap after GC invocations=13 (full 2):
 PSYoungGen      total 155136K, used 12276K [0x00000000d5580000, 0x00000000e2580000, 0x0000000100000000)
  eden space 142848K, 0% used [0x00000000d5580000,0x00000000d5580000,0x00000000de100000)
  from space 12288K, 99% used [0x00000000de100000,0x00000000decfd078,0x00000000ded00000)
  to   space 16384K, 0% used [0x00000000e1580000,0x00000000e1580000,0x00000000e2580000)
 ParOldGen       total 84992K, used 22121K [0x0000000080000000, 0x0000000085300000, 0x00000000d5580000)
  object space 84992K, 26% used [0x0000000080000000,0x000000008159a478,0x0000000085300000)
 Metaspace       used 49310K, capacity 51450K, committed 51712K, reserved 1093632K
  class space    used 6643K, capacity 7081K, committed 7168K, reserved 1048576K
}
Event: 25.437 GC heap before
{Heap before GC invocations=14 (full 2):
 PSYoungGen      total 155136K, used 121911K [0x00000000d5580000, 0x00000000e2580000, 0x0000000100000000)
  eden space 142848K, 76% used [0x00000000d5580000,0x00000000dc090ea8,0x00000000de100000)
  from space 12288K, 99% used [0x00000000de100000,0x00000000decfd078,0x00000000ded00000)
  to   space 16384K, 0% used [0x00000000e1580000,0x00000000e1580000,0x00000000e2580000)
 ParOldGen       total 84992K, used 22121K [0x0000000080000000, 0x0000000085300000, 0x00000000d5580000)
  object space 84992K, 26% used [0x0000000080000000,0x000000008159a478,0x0000000085300000)
 Metaspace       used 56584K, capacity 58984K, committed 59096K, reserved 1099776K
  class space    used 7470K, capacity 7997K, committed 8064K, reserved 1048576K
Event: 25.693 GC heap after
Heap after GC invocations=14 (full 2):
 PSYoungGen      total 192000K, used 16373K [0x00000000d5580000, 0x00000000e3e80000, 0x0000000100000000)
  eden space 175616K, 0% used [0x00000000d5580000,0x00000000d5580000,0x00000000e0100000)
  from space 16384K, 99% used [0x00000000e1580000,0x00000000e257d738,0x00000000e2580000)
  to   space 20992K, 0% used [0x00000000e0100000,0x00000000e0100000,0x00000000e1580000)
 ParOldGen       total 84992K, used 29815K [0x0000000080000000, 0x0000000085300000, 0x00000000d5580000)
  object space 84992K, 35% used [0x0000000080000000,0x0000000081d1df88,0x0000000085300000)
 Metaspace       used 56584K, capacity 58984K, committed 59096K, reserved 1099776K
  class space    used 7470K, capacity 7997K, committed 8064K, reserved 1048576K
}
Event: 25.693 GC heap before
{Heap before GC invocations=15 (full 3):
 PSYoungGen      total 192000K, used 16373K [0x00000000d5580000, 0x00000000e3e80000, 0x0000000100000000)
  eden space 175616K, 0% used [0x00000000d5580000,0x00000000d5580000,0x00000000e0100000)
  from space 16384K, 99% used [0x00000000e1580000,0x00000000e257d738,0x00000000e2580000)
  to   space 20992K, 0% used [0x00000000e0100000,0x00000000e0100000,0x00000000e1580000)
 ParOldGen       total 84992K, used 29815K [0x0000000080000000, 0x0000000085300000, 0x00000000d5580000)
  object space 84992K, 35% used [0x0000000080000000,0x0000000081d1df88,0x0000000085300000)
 Metaspace       used 56584K, capacity 58984K, committed 59096K, reserved 1099776K
  class space    used 7470K, capacity 7997K, committed 8064K, reserved 1048576K
Event: 26.117 GC heap after
Heap after GC invocations=15 (full 3):
 PSYoungGen      total 192000K, used 0K [0x00000000d5580000, 0x00000000e3e80000, 0x0000000100000000)
  eden space 175616K, 0% used [0x00000000d5580000,0x00000000d5580000,0x00000000e0100000)
  from space 16384K, 0% used [0x00000000e1580000,0x00000000e1580000,0x00000000e2580000)
  to   space 20992K, 0% used [0x00000000e0100000,0x00000000e0100000,0x00000000e1580000)
 ParOldGen       total 128512K, used 37317K [0x0000000080000000, 0x0000000087d80000, 0x00000000d5580000)
  object space 128512K, 29% used [0x0000000080000000,0x00000000824715c8,0x0000000087d80000)
 Metaspace       used 56540K, capacity 58822K, committed 59096K, reserved 1099776K
  class space    used 7458K, capacity 7950K, committed 8064K, reserved 1048576K
}

