# JRE version: OpenJDK Runtime Environment (8.0_242-b01) (build 1.8.0_242-release-1644-b01)
# Java VM: OpenJDK 64-Bit Server VM (25.242-b01 mixed mode windows-amd64 compressed oops)
Heap:
 PSYoungGen      total 147968K, used 26663K [0x00000000d5580000, 0x00000000e0800000, 0x0000000100000000)
  eden space 135680K, 10% used [0x00000000d5580000,0x00000000d638c8c0,0x00000000dda00000)
  from space 12288K, 99% used [0x00000000dda00000,0x00000000de5fd478,0x00000000de600000)
  to   space 15360K, 0% used [0x00000000df900000,0x00000000df900000,0x00000000e0800000)
 ParOldGen       total 59904K, used 18386K [0x0000000080000000, 0x0000000083a80000, 0x00000000d5580000)
  object space 59904K, 30% used [0x0000000080000000,0x00000000811f4b70,0x0000000083a80000)
 Metaspace       used 49403K, capacity 51550K, committed 51840K, reserved 1093632K
  class space    used 6553K, capacity 6983K, committed 7040K, reserved 1048576K
GC Heap History (10 events):
Event: 7.934 GC heap before
{Heap before GC invocations=9 (full 1):
 PSYoungGen      total 75776K, used 70489K [0x00000000d5580000, 0x00000000dca80000, 0x0000000100000000)
  eden space 64512K, 100% used [0x00000000d5580000,0x00000000d9480000,0x00000000d9480000)
  from space 11264K, 53% used [0x00000000d9480000,0x00000000d9a56408,0x00000000d9f80000)
  to   space 10240K, 0% used [0x00000000dc080000,0x00000000dc080000,0x00000000dca80000)
 ParOldGen       total 59904K, used 9261K [0x0000000080000000, 0x0000000083a80000, 0x00000000d5580000)
  object space 59904K, 15% used [0x0000000080000000,0x000000008090b4a0,0x0000000083a80000)
 Metaspace       used 32735K, capacity 33996K, committed 34304K, reserved 1079296K
  class space    used 4438K, capacity 4775K, committed 4864K, reserved 1048576K
Event: 7.949 GC heap after
Heap after GC invocations=9 (full 1):
 PSYoungGen      total 108544K, used 9646K [0x00000000d5580000, 0x00000000dcc80000, 0x0000000100000000)
  eden space 98304K, 0% used [0x00000000d5580000,0x00000000d5580000,0x00000000db580000)
  from space 10240K, 94% used [0x00000000dc080000,0x00000000dc9eb9d0,0x00000000dca80000)
  to   space 11264K, 0% used [0x00000000db580000,0x00000000db580000,0x00000000dc080000)
 ParOldGen       total 59904K, used 9269K [0x0000000080000000, 0x0000000083a80000, 0x00000000d5580000)
  object space 59904K, 15% used [0x0000000080000000,0x000000008090d4a0,0x0000000083a80000)
 Metaspace       used 32735K, capacity 33996K, committed 34304K, reserved 1079296K
  class space    used 4438K, capacity 4775K, committed 4864K, reserved 1048576K
}
Event: 8.703 GC heap before
{Heap before GC invocations=10 (full 1):
 PSYoungGen      total 108544K, used 22705K [0x00000000d5580000, 0x00000000dcc80000, 0x0000000100000000)
  eden space 98304K, 13% used [0x00000000d5580000,0x00000000d6240ac0,0x00000000db580000)
  from space 10240K, 94% used [0x00000000dc080000,0x00000000dc9eb9d0,0x00000000dca80000)
  to   space 11264K, 0% used [0x00000000db580000,0x00000000db580000,0x00000000dc080000)
 ParOldGen       total 59904K, used 9269K [0x0000000080000000, 0x0000000083a80000, 0x00000000d5580000)
  object space 59904K, 15% used [0x0000000080000000,0x000000008090d4a0,0x0000000083a80000)
 Metaspace       used 34163K, capacity 35334K, committed 35456K, reserved 1079296K
  class space    used 4606K, capacity 4916K, committed 4992K, reserved 1048576K
Event: 8.742 GC heap after
Heap after GC invocations=10 (full 1):
 PSYoungGen      total 109568K, used 7426K [0x00000000d5580000, 0x00000000df200000, 0x0000000100000000)
  eden space 98304K, 0% used [0x00000000d5580000,0x00000000d5580000,0x00000000db580000)
  from space 11264K, 65% used [0x00000000db580000,0x00000000dbcc09b0,0x00000000dc080000)
  to   space 11264K, 0% used [0x00000000de700000,0x00000000de700000,0x00000000df200000)
 ParOldGen       total 59904K, used 9269K [0x0000000080000000, 0x0000000083a80000, 0x00000000d5580000)
  object space 59904K, 15% used [0x0000000080000000,0x000000008090d4a0,0x0000000083a80000)
 Metaspace       used 34163K, capacity 35334K, committed 35456K, reserved 1079296K
  class space    used 4606K, capacity 4916K, committed 4992K, reserved 1048576K
}
Event: 8.742 GC heap before
{Heap before GC invocations=11 (full 2):
 PSYoungGen      total 109568K, used 7426K [0x00000000d5580000, 0x00000000df200000, 0x0000000100000000)
  eden space 98304K, 0% used [0x00000000d5580000,0x00000000d5580000,0x00000000db580000)
  from space 11264K, 65% used [0x00000000db580000,0x00000000dbcc09b0,0x00000000dc080000)
  to   space 11264K, 0% used [0x00000000de700000,0x00000000de700000,0x00000000df200000)
 ParOldGen       total 59904K, used 9269K [0x0000000080000000, 0x0000000083a80000, 0x00000000d5580000)
  object space 59904K, 15% used [0x0000000080000000,0x000000008090d4a0,0x0000000083a80000)
 Metaspace       used 34163K, capacity 35334K, committed 35456K, reserved 1079296K
  class space    used 4606K, capacity 4916K, committed 4992K, reserved 1048576K
Event: 8.904 GC heap after
Heap after GC invocations=11 (full 2):
 PSYoungGen      total 109568K, used 0K [0x00000000d5580000, 0x00000000df200000, 0x0000000100000000)
  eden space 98304K, 0% used [0x00000000d5580000,0x00000000d5580000,0x00000000db580000)
  from space 11264K, 0% used [0x00000000db580000,0x00000000db580000,0x00000000dc080000)
  to   space 11264K, 0% used [0x00000000de700000,0x00000000de700000,0x00000000df200000)
 ParOldGen       total 59904K, used 14082K [0x0000000080000000, 0x0000000083a80000, 0x00000000d5580000)
  object space 59904K, 23% used [0x0000000080000000,0x0000000080dc0980,0x0000000083a80000)
 Metaspace       used 34163K, capacity 35334K, committed 35456K, reserved 1079296K
  class space    used 4606K, capacity 4916K, committed 4992K, reserved 1048576K
}
Event: 12.126 GC heap before
{Heap before GC invocations=12 (full 2):
 PSYoungGen      total 109568K, used 98304K [0x00000000d5580000, 0x00000000df200000, 0x0000000100000000)
  eden space 98304K, 100% used [0x00000000d5580000,0x00000000db580000,0x00000000db580000)
  from space 11264K, 0% used [0x00000000db580000,0x00000000db580000,0x00000000dc080000)
  to   space 11264K, 0% used [0x00000000de700000,0x00000000de700000,0x00000000df200000)
 ParOldGen       total 59904K, used 14082K [0x0000000080000000, 0x0000000083a80000, 0x00000000d5580000)
  object space 59904K, 23% used [0x0000000080000000,0x0000000080dc0980,0x0000000083a80000)
 Metaspace       used 40091K, capacity 41636K, committed 41856K, reserved 1085440K
  class space    used 5369K, capacity 5738K, committed 5760K, reserved 1048576K
Event: 12.150 GC heap after
Heap after GC invocations=12 (full 2):
 PSYoungGen      total 134656K, used 10975K [0x00000000d5580000, 0x00000000df200000, 0x0000000100000000)
  eden space 123392K, 0% used [0x00000000d5580000,0x00000000d5580000,0x00000000dce00000)
  from space 11264K, 97% used [0x00000000de700000,0x00000000df1b7f98,0x00000000df200000)
  to   space 12288K, 0% used [0x00000000dda00000,0x00000000dda00000,0x00000000de600000)
 ParOldGen       total 59904K, used 14090K [0x0000000080000000, 0x0000000083a80000, 0x00000000d5580000)
  object space 59904K, 23% used [0x0000000080000000,0x0000000080dc2980,0x0000000083a80000)
 Metaspace       used 40091K, capacity 41636K, committed 41856K, reserved 1085440K
  class space    used 5369K, capacity 5738K, committed 5760K, reserved 1048576K
}
Event: 14.762 GC heap before
{Heap before GC invocations=13 (full 2):
 PSYoungGen      total 134656K, used 134367K [0x00000000d5580000, 0x00000000df200000, 0x0000000100000000)
  eden space 123392K, 100% used [0x00000000d5580000,0x00000000dce00000,0x00000000dce00000)
  from space 11264K, 97% used [0x00000000de700000,0x00000000df1b7f98,0x00000000df200000)
  to   space 12288K, 0% used [0x00000000dda00000,0x00000000dda00000,0x00000000de600000)
 ParOldGen       total 59904K, used 14090K [0x0000000080000000, 0x0000000083a80000, 0x00000000d5580000)
  object space 59904K, 23% used [0x0000000080000000,0x0000000080dc2980,0x0000000083a80000)
 Metaspace       used 48146K, capacity 50252K, committed 50432K, reserved 1093632K
  class space    used 6400K, capacity 6840K, committed 6912K, reserved 1048576K
Event: 14.783 GC heap after
Heap after GC invocations=13 (full 2):
 PSYoungGen      total 147968K, used 12277K [0x00000000d5580000, 0x00000000e0800000, 0x0000000100000000)
  eden space 135680K, 0% used [0x00000000d5580000,0x00000000d5580000,0x00000000dda00000)
  from space 12288K, 99% used [0x00000000dda00000,0x00000000de5fd478,0x00000000de600000)
  to   space 15360K, 0% used [0x00000000df900000,0x00000000df900000,0x00000000e0800000)
 ParOldGen       total 59904K, used 18386K [0x0000000080000000, 0x0000000083a80000, 0x00000000d5580000)
  object space 59904K, 30% used [0x0000000080000000,0x00000000811f4b70,0x0000000083a80000)
 Metaspace       used 48146K, capacity 50252K, committed 50432K, reserved 1093632K
  class space    used 6400K, capacity 6840K, committed 6912K, reserved 1048576K
}

