# JRE version: OpenJDK Runtime Environment (8.0_242-b01) (build 1.8.0_242-release-1644-b01)
# Java VM: OpenJDK 64-Bit Server VM (25.242-b01 mixed mode windows-amd64 compressed oops)
Heap:
 PSYoungGen      total 133120K, used 113039K [0x00000000d5580000, 0x00000000de800000, 0x0000000100000000)
  eden space 119296K, 87% used [0x00000000d5580000,0x00000000dbae69b0,0x00000000dca00000)
  from space 13824K, 66% used [0x00000000dda80000,0x00000000de37d2c0,0x00000000de800000)
  to   space 15360K, 0% used [0x00000000dca00000,0x00000000dca00000,0x00000000dd900000)
 ParOldGen       total 134656K, used 35317K [0x0000000080000000, 0x0000000088380000, 0x00000000d5580000)
  object space 134656K, 26% used [0x0000000080000000,0x000000008227d710,0x0000000088380000)
 Metaspace       used 72578K, capacity 75714K, committed 75904K, reserved 1114112K
  class space    used 9944K, capacity 10597K, committed 10624K, reserved 1048576K
GC Heap History (10 events):
Event: 45.394 GC heap before
{Heap before GC invocations=19 (full 2):
 PSYoungGen      total 109056K, used 35745K [0x00000000d5580000, 0x00000000dd000000, 0x0000000100000000)
  eden space 93696K, 30% used [0x00000000d5580000,0x00000000d71d13a8,0x00000000db100000)
  from space 15360K, 43% used [0x00000000dbf80000,0x00000000dc617070,0x00000000dce80000)
  to   space 14848K, 0% used [0x00000000db100000,0x00000000db100000,0x00000000dbf80000)
 ParOldGen       total 85504K, used 27523K [0x0000000080000000, 0x0000000085380000, 0x00000000d5580000)
  object space 85504K, 32% used [0x0000000080000000,0x0000000081ae0e68,0x0000000085380000)
 Metaspace       used 56467K, capacity 58960K, committed 59096K, reserved 1099776K
  class space    used 7681K, capacity 8200K, committed 8320K, reserved 1048576K
Event: 45.405 GC heap after
Heap after GC invocations=19 (full 2):
 PSYoungGen      total 108544K, used 4675K [0x00000000d5580000, 0x00000000ddf00000, 0x0000000100000000)
  eden space 93696K, 0% used [0x00000000d5580000,0x00000000d5580000,0x00000000db100000)
  from space 14848K, 31% used [0x00000000db100000,0x00000000db590cf0,0x00000000dbf80000)
  to   space 14336K, 0% used [0x00000000dd100000,0x00000000dd100000,0x00000000ddf00000)
 ParOldGen       total 85504K, used 32861K [0x0000000080000000, 0x0000000085380000, 0x00000000d5580000)
  object space 85504K, 38% used [0x0000000080000000,0x0000000082017680,0x0000000085380000)
 Metaspace       used 56467K, capacity 58960K, committed 59096K, reserved 1099776K
  class space    used 7681K, capacity 8200K, committed 8320K, reserved 1048576K
}
Event: 45.405 GC heap before
{Heap before GC invocations=20 (full 3):
 PSYoungGen      total 108544K, used 4675K [0x00000000d5580000, 0x00000000ddf00000, 0x0000000100000000)
  eden space 93696K, 0% used [0x00000000d5580000,0x00000000d5580000,0x00000000db100000)
  from space 14848K, 31% used [0x00000000db100000,0x00000000db590cf0,0x00000000dbf80000)
  to   space 14336K, 0% used [0x00000000dd100000,0x00000000dd100000,0x00000000ddf00000)
 ParOldGen       total 85504K, used 32861K [0x0000000080000000, 0x0000000085380000, 0x00000000d5580000)
  object space 85504K, 38% used [0x0000000080000000,0x0000000082017680,0x0000000085380000)
 Metaspace       used 56467K, capacity 58960K, committed 59096K, reserved 1099776K
  class space    used 7681K, capacity 8200K, committed 8320K, reserved 1048576K
Event: 45.821 GC heap after
Heap after GC invocations=20 (full 3):
 PSYoungGen      total 108544K, used 0K [0x00000000d5580000, 0x00000000ddf00000, 0x0000000100000000)
  eden space 93696K, 0% used [0x00000000d5580000,0x00000000d5580000,0x00000000db100000)
  from space 14848K, 0% used [0x00000000db100000,0x00000000db100000,0x00000000dbf80000)
  to   space 14336K, 0% used [0x00000000dd100000,0x00000000dd100000,0x00000000ddf00000)
 ParOldGen       total 134656K, used 35293K [0x0000000080000000, 0x0000000088380000, 0x00000000d5580000)
  object space 134656K, 26% used [0x0000000080000000,0x0000000082277710,0x0000000088380000)
 Metaspace       used 56451K, capacity 58906K, committed 59096K, reserved 1099776K
  class space    used 7677K, capacity 8191K, committed 8320K, reserved 1048576K
}
Event: 55.244 GC heap before
{Heap before GC invocations=21 (full 3):
 PSYoungGen      total 108544K, used 93696K [0x00000000d5580000, 0x00000000ddf00000, 0x0000000100000000)
  eden space 93696K, 100% used [0x00000000d5580000,0x00000000db100000,0x00000000db100000)
  from space 14848K, 0% used [0x00000000db100000,0x00000000db100000,0x00000000dbf80000)
  to   space 14336K, 0% used [0x00000000dd100000,0x00000000dd100000,0x00000000ddf00000)
 ParOldGen       total 134656K, used 35293K [0x0000000080000000, 0x0000000088380000, 0x00000000d5580000)
  object space 134656K, 26% used [0x0000000080000000,0x0000000082277710,0x0000000088380000)
 Metaspace       used 62597K, capacity 65296K, committed 65408K, reserved 1105920K
  class space    used 8661K, capacity 9265K, committed 9344K, reserved 1048576K
Event: 55.295 GC heap after
Heap after GC invocations=21 (full 3):
 PSYoungGen      total 116224K, used 8915K [0x00000000d5580000, 0x00000000dda00000, 0x0000000100000000)
  eden space 107008K, 0% used [0x00000000d5580000,0x00000000d5580000,0x00000000dbe00000)
  from space 9216K, 96% used [0x00000000dd100000,0x00000000dd9b4ce8,0x00000000dda00000)
  to   space 14336K, 0% used [0x00000000dbe00000,0x00000000dbe00000,0x00000000dcc00000)
 ParOldGen       total 134656K, used 35301K [0x0000000080000000, 0x0000000088380000, 0x00000000d5580000)
  object space 134656K, 26% used [0x0000000080000000,0x0000000082279710,0x0000000088380000)
 Metaspace       used 62597K, capacity 65296K, committed 65408K, reserved 1105920K
  class space    used 8661K, capacity 9265K, committed 9344K, reserved 1048576K
}
Event: 69.134 GC heap before
{Heap before GC invocations=22 (full 3):
 PSYoungGen      total 116224K, used 115923K [0x00000000d5580000, 0x00000000dda00000, 0x0000000100000000)
  eden space 107008K, 100% used [0x00000000d5580000,0x00000000dbe00000,0x00000000dbe00000)
  from space 9216K, 96% used [0x00000000dd100000,0x00000000dd9b4ce8,0x00000000dda00000)
  to   space 14336K, 0% used [0x00000000dbe00000,0x00000000dbe00000,0x00000000dcc00000)
 ParOldGen       total 134656K, used 35301K [0x0000000080000000, 0x0000000088380000, 0x00000000d5580000)
  object space 134656K, 26% used [0x0000000080000000,0x0000000082279710,0x0000000088380000)
 Metaspace       used 68446K, capacity 71436K, committed 71808K, reserved 1112064K
  class space    used 9397K, capacity 10003K, committed 10112K, reserved 1048576K
Event: 69.214 GC heap after
Heap after GC invocations=22 (full 3):
 PSYoungGen      total 121344K, used 11591K [0x00000000d5580000, 0x00000000de980000, 0x0000000100000000)
  eden space 107008K, 0% used [0x00000000d5580000,0x00000000d5580000,0x00000000dbe00000)
  from space 14336K, 80% used [0x00000000dbe00000,0x00000000dc951d30,0x00000000dcc00000)
  to   space 15360K, 0% used [0x00000000dda80000,0x00000000dda80000,0x00000000de980000)
 ParOldGen       total 134656K, used 35309K [0x0000000080000000, 0x0000000088380000, 0x00000000d5580000)
  object space 134656K, 26% used [0x0000000080000000,0x000000008227b710,0x0000000088380000)
 Metaspace       used 68446K, capacity 71436K, committed 71808K, reserved 1112064K
  class space    used 9397K, capacity 10003K, committed 10112K, reserved 1048576K
}
Event: 80.284 GC heap before
{Heap before GC invocations=23 (full 3):
 PSYoungGen      total 121344K, used 118599K [0x00000000d5580000, 0x00000000de980000, 0x0000000100000000)
  eden space 107008K, 100% used [0x00000000d5580000,0x00000000dbe00000,0x00000000dbe00000)
  from space 14336K, 80% used [0x00000000dbe00000,0x00000000dc951d30,0x00000000dcc00000)
  to   space 15360K, 0% used [0x00000000dda80000,0x00000000dda80000,0x00000000de980000)
 ParOldGen       total 134656K, used 35309K [0x0000000080000000, 0x0000000088380000, 0x00000000d5580000)
  object space 134656K, 26% used [0x0000000080000000,0x000000008227b710,0x0000000088380000)
 Metaspace       used 68629K, capacity 71632K, committed 71808K, reserved 1112064K
  class space    used 9398K, capacity 10003K, committed 10112K, reserved 1048576K
Event: 80.305 GC heap after
Heap after GC invocations=23 (full 3):
 PSYoungGen      total 133120K, used 9204K [0x00000000d5580000, 0x00000000de800000, 0x0000000100000000)
  eden space 119296K, 0% used [0x00000000d5580000,0x00000000d5580000,0x00000000dca00000)
  from space 13824K, 66% used [0x00000000dda80000,0x00000000de37d2c0,0x00000000de800000)
  to   space 15360K, 0% used [0x00000000dca00000,0x00000000dca00000,0x00000000dd900000)
 ParOldGen       total 134656K, used 35317K [0x0000000080000000, 0x0000000088380000, 0x00000000d5580000)
  object space 134656K, 26% used [0x0000000080000000,0x000000008227d710,0x0000000088380000)
 Metaspace       used 68629K, capacity 71632K, committed 71808K, reserved 1112064K
  class space    used 9398K, capacity 10003K, committed 10112K, reserved 1048576K
}

